Initial coefficient estimate: [0.01142071 0.         0.         0.         0.0900652  0.1851008
 0.         0.         0.0047185  0.         0.         0.
 0.         0.03827227 0.         0.         0.         0.
 0.01060969 0.         0.04987689 0.         0.22866664 0.
 0.         0.         0.         0.         0.         0.
 0.         0.         0.         0.         0.         0.2366103
 0.02375383 0.        ]
Result:   message: CONVERGENCE: NORM_OF_PROJECTED_GRADIENT_<=_PGTOL
  success: True
   status: 0
      fun: -1.2730904070598055e+28
        x: [-4.472e+00 -2.303e+02 ... -3.740e+00 -2.303e+02]
      nit: 0
      jac: [ 0.000e+00  0.000e+00 ...  0.000e+00  0.000e+00]
     nfev: 39
     njev: 1
 hess_inv: <38x38 LbfgsInvHessProduct with dtype=float64>
Cell type proportion estimate: [1.29914414e-002 1.13753369e-100 1.13753369e-100 1.13753369e-100
 1.02452204e-001 2.10558391e-001 1.13753369e-100 1.13753369e-100
 5.36745499e-003 1.13753369e-100 1.13753369e-100 1.13753369e-100
 1.13753369e-100 4.35359912e-002 1.13753369e-100 1.13753369e-100
 1.13753369e-100 1.13753369e-100 1.20688788e-002 1.13753369e-100
 5.67366482e-002 1.13753369e-100 2.60116009e-001 1.13753369e-100
 1.13753369e-100 1.13753369e-100 1.13753369e-100 1.13753369e-100
 1.13753369e-100 1.13753369e-100 1.13753369e-100 1.13753369e-100
 1.13753369e-100 1.13753369e-100 1.13753369e-100 2.69152193e-001
 2.70207869e-002 1.13753369e-100]
